
SQL*Loader: Release 12.2.0.1.0 - Production on Thu Nov 15 15:37:32 2018

Copyright (c) 1982, 2017, Oracle and/or its affiliates.  All rights reserved.

Control File:   02_stating.ctl
Data File:      r2rml.nt
  Bad File:     r2rml.bad
  Discard File:  none specified
 
 (Allow all discards)

Number to load: ALL
Number to skip: 0
Errors allowed: 50
Continuation:    none specified
Path used:      Direct

Table R2RML, loaded when 1:1 != 0X23(character '#')
Insert option in effect for this table: TRUNCATE

   Column Name                  Position   Len  Term Encl Datatype
------------------------------ ---------- ----- ---- ---- ---------------------
RDF$STC_SUB                         FIRST  4000  WHT      CHARACTER            
RDF$STC_PRED                         NEXT  4000  WHT      CHARACTER            
RDF$STC_OBJ                          NEXT  5000           CHARACTER            
    SQL string for column : "rtrim(:RDF$STC_obj,'. '||CHR(9)||CHR(10)||CHR(13))"


Table R2RML:
  371 Rows successfully loaded.
  0 Rows not loaded due to data errors.
  0 Rows not loaded because all WHEN clauses were failed.
  0 Rows not loaded because all fields were null.

Bind array size not used in direct path.
Column array  rows :    5000
Stream buffer bytes:  256000
Read   buffer bytes: 1048576

Total logical records skipped:          0
Total logical records read:           371
Total logical records rejected:         0
Total logical records discarded:        0
Total stream buffers loaded by SQL*Loader main thread:        1
Total stream buffers loaded by SQL*Loader load thread:        0

Run began on Thu Nov 15 15:37:32 2018
Run ended on Thu Nov 15 15:37:32 2018

Elapsed time was:     00:00:00.21
CPU time was:         00:00:00.06
