
SQL*Loader: Release 12.2.0.1.0 - Production on Wed Feb 14 14:24:26 2018

Copyright (c) 1982, 2017, Oracle and/or its affiliates.  All rights reserved.

Control File:   02_stating.ctl
Data File:      r2rml.nt
  Bad File:     r2rml.bad
  Discard File:  none specified
 
 (Allow all discards)

Number to load: ALL
Number to skip: 0
Errors allowed: 50
Continuation:    none specified
Path used:      Direct

Table R2RML, loaded from every logical record.
Insert option in effect for this table: TRUNCATE

   Column Name                  Position   Len  Term Encl Datatype
------------------------------ ---------- ----- ---- ---- ---------------------
RDF$STC_SUB                         FIRST     *  WHT      CHARACTER            
RDF$STC_PRED                         NEXT     *  WHT      CHARACTER            
RDF$STC_OBJ                          NEXT     *  WHT      CHARACTER            


Table R2RML:
  317 Rows successfully loaded.
  0 Rows not loaded due to data errors.
  0 Rows not loaded because all WHEN clauses were failed.
  0 Rows not loaded because all fields were null.

Bind array size not used in direct path.
Column array  rows :    5000
Stream buffer bytes:  256000
Read   buffer bytes: 1048576

Total logical records skipped:          0
Total logical records read:           317
Total logical records rejected:         0
Total logical records discarded:        0
Total stream buffers loaded by SQL*Loader main thread:        1
Total stream buffers loaded by SQL*Loader load thread:        0

Run began on Wed Feb 14 14:24:26 2018
Run ended on Wed Feb 14 14:24:26 2018

Elapsed time was:     00:00:00.07
CPU time was:         00:00:00.02
